<?xml version="1.0" encoding="UTF-8"?>
<robot generator="Robot 3.2.1 (Python 3.8.2 on win32)" generated="20200522 17:13:28.012" rpa="false">
<suite id="s1" name="Cadastro" source="C:\robocamp5\ninjapixel\web\tests\cadastro.robot">
<kw name="Login Session" library="BasePage" type="setup">
<arguments>
<arg>papito@ninjapixel.com</arg>
<arg>pwd123</arg>
</arguments>
<kw name="Open Session" library="BasePage">
<kw name="Open Chrome" library="BasePage">
<kw name="Open Browser" library="SeleniumLibrary">
<doc>Opens a new browser instance to the optional ``url``.</doc>
<arguments>
<arg>about:blank</arg>
<arg>Chrome</arg>
<arg>options=add_experimental_option('excludeSwitches', ['enable-logging'])</arg>
</arguments>
<msg timestamp="20200522 17:13:28.326" level="INFO">Opening browser 'Chrome' to base url 'about:blank'.</msg>
<status status="PASS" starttime="20200522 17:13:28.326" endtime="20200522 17:13:31.920"></status>
</kw>
<status status="PASS" starttime="20200522 17:13:28.325" endtime="20200522 17:13:31.921"></status>
</kw>
<kw name="Set Window Size" library="SeleniumLibrary">
<doc>Sets current windows size to given ``width`` and ``height``.</doc>
<arguments>
<arg>1440</arg>
<arg>900</arg>
</arguments>
<status status="PASS" starttime="20200522 17:13:31.921" endtime="20200522 17:13:34.066"></status>
</kw>
<kw name="Set Selenium Implicit Wait" library="SeleniumLibrary">
<doc>Sets the implicit wait value used by Selenium.</doc>
<arguments>
<arg>6</arg>
</arguments>
<status status="PASS" starttime="20200522 17:13:34.067" endtime="20200522 17:13:34.069"></status>
</kw>
<status status="PASS" starttime="20200522 17:13:28.325" endtime="20200522 17:13:34.070"></status>
</kw>
<kw name="Go To" library="SeleniumLibrary">
<doc>Navigates the current browser window to the provided ``url``.</doc>
<arguments>
<arg>${base_url}/login</arg>
</arguments>
<msg timestamp="20200522 17:13:34.071" level="INFO">Opening url 'http://pixel-web:3000/login'</msg>
<status status="PASS" starttime="20200522 17:13:34.071" endtime="20200522 17:13:38.379"></status>
</kw>
<kw name="Login With" library="LoginPage">
<arguments>
<arg>${email}</arg>
<arg>${pass}</arg>
</arguments>
<kw name="Input Text" library="SeleniumLibrary">
<doc>Types the given ``text`` into the text field identified by ``locator``.</doc>
<arguments>
<arg>id:emailId</arg>
<arg>${email}</arg>
</arguments>
<msg timestamp="20200522 17:13:38.380" level="INFO">Typing text 'papito@ninjapixel.com' into text field 'id:emailId'.</msg>
<status status="PASS" starttime="20200522 17:13:38.380" endtime="20200522 17:13:39.063"></status>
</kw>
<kw name="Input Text" library="SeleniumLibrary">
<doc>Types the given ``text`` into the text field identified by ``locator``.</doc>
<arguments>
<arg>id:passId</arg>
<arg>${pass}</arg>
</arguments>
<msg timestamp="20200522 17:13:39.064" level="INFO">Typing text 'pwd123' into text field 'id:passId'.</msg>
<status status="PASS" starttime="20200522 17:13:39.064" endtime="20200522 17:13:39.217"></status>
</kw>
<kw name="Click Element" library="SeleniumLibrary">
<doc>Click the element identified by ``locator``.</doc>
<arguments>
<arg>xpath://button[text()="Entrar"]</arg>
</arguments>
<msg timestamp="20200522 17:13:39.218" level="INFO">Clicking element 'xpath://button[text()="Entrar"]'.</msg>
<status status="PASS" starttime="20200522 17:13:39.218" endtime="20200522 17:13:39.329"></status>
</kw>
<status status="PASS" starttime="20200522 17:13:38.379" endtime="20200522 17:13:39.329"></status>
</kw>
<status status="PASS" starttime="20200522 17:13:28.325" endtime="20200522 17:13:39.329"></status>
</kw>
<test id="s1-t1" name="Novo produto">
<kw name="Dado que eu tenho um novo produto">
<arguments>
<arg>dk.json</arg>
</arguments>
<kw name="Get File" library="OperatingSystem">
<doc>Returns the contents of a specified file.</doc>
<arguments>
<arg>${EXECDIR}/resources/fixtures/${json_file}</arg>
</arguments>
<assign>
<var>${string_file}</var>
</assign>
<msg timestamp="20200522 17:13:39.331" level="INFO" html="yes">Getting file '&lt;a href="file://C:\robocamp5\ninjapixel\web\resources\fixtures\dk.json"&gt;C:\robocamp5\ninjapixel\web\resources\fixtures\dk.json&lt;/a&gt;'.</msg>
<msg timestamp="20200522 17:13:39.332" level="INFO">${string_file} = {
    "title":        "Donkey Kong",
    "cat":          "Super Nintendo",
    "price":        "99.99",
    "desc":         "Um jogo muito divertido.",
    "producers":    "Nitendo, Rare",
    "image"...</msg>
<status status="PASS" starttime="20200522 17:13:39.331" endtime="20200522 17:13:39.332"></status>
</kw>
<kw name="Evaluate" library="BuiltIn">
<doc>Evaluates the given expression in Python and returns the result.</doc>
<arguments>
<arg>json.loads($string_file)</arg>
<arg>json</arg>
</arguments>
<assign>
<var>${product_json}</var>
</assign>
<msg timestamp="20200522 17:13:39.333" level="INFO">${product_json} = {'title': 'Donkey Kong', 'cat': 'Super Nintendo', 'price': '99.99', 'desc': 'Um jogo muito divertido.', 'producers': 'Nitendo, Rare', 'image': 'donkey-kong.jpg'}</msg>
<status status="PASS" starttime="20200522 17:13:39.332" endtime="20200522 17:13:39.333"></status>
</kw>
<kw name="Remove Product By Title" library="database">
<arguments>
<arg>${product_json['title']}</arg>
</arguments>
<status status="PASS" starttime="20200522 17:13:39.333" endtime="20200522 17:13:39.366"></status>
</kw>
<kw name="Set Test Variable" library="BuiltIn">
<doc>Makes a variable available everywhere within the scope of the current test.</doc>
<arguments>
<arg>${product_json}</arg>
</arguments>
<msg timestamp="20200522 17:13:39.367" level="INFO">${product_json} = {'title': 'Donkey Kong', 'cat': 'Super Nintendo', 'price': '99.99', 'desc': 'Um jogo muito divertido.', 'producers': 'Nitendo, Rare', 'image': 'donkey-kong.jpg'}</msg>
<status status="PASS" starttime="20200522 17:13:39.367" endtime="20200522 17:13:39.367"></status>
</kw>
<status status="PASS" starttime="20200522 17:13:39.330" endtime="20200522 17:13:39.367"></status>
</kw>
<kw name="Quando eu cadastro este produto">
<kw name="Wait Until Element Is Visible" library="SeleniumLibrary">
<doc>Waits until the element ``locator`` is visible.</doc>
<arguments>
<arg>class:product-add</arg>
</arguments>
<status status="PASS" starttime="20200522 17:13:39.372" endtime="20200522 17:13:39.904"></status>
</kw>
<kw name="Click Element" library="SeleniumLibrary">
<doc>Click the element identified by ``locator``.</doc>
<arguments>
<arg>class:product-add</arg>
</arguments>
<msg timestamp="20200522 17:13:39.905" level="INFO">Clicking element 'class:product-add'.</msg>
<status status="PASS" starttime="20200522 17:13:39.904" endtime="20200522 17:13:40.142"></status>
</kw>
<kw name="Input Text" library="SeleniumLibrary">
<doc>Types the given ``text`` into the text field identified by ``locator``.</doc>
<arguments>
<arg>css:input[placeholder$="produto?"]</arg>
<arg>${product_json['title']}</arg>
</arguments>
<msg timestamp="20200522 17:13:40.143" level="INFO">Typing text 'Donkey Kong' into text field 'css:input[placeholder$="produto?"]'.</msg>
<status status="PASS" starttime="20200522 17:13:40.142" endtime="20200522 17:13:40.892"></status>
</kw>
<kw name="Click Element" library="SeleniumLibrary">
<doc>Click the element identified by ``locator``.</doc>
<arguments>
<arg>css:input[placeholder^="Gat"]</arg>
</arguments>
<msg timestamp="20200522 17:13:40.893" level="INFO">Clicking element 'css:input[placeholder^="Gat"]'.</msg>
<status status="PASS" starttime="20200522 17:13:40.892" endtime="20200522 17:13:41.042"></status>
</kw>
<kw name="Wait Until Element Is Visible" library="SeleniumLibrary">
<doc>Waits until the element ``locator`` is visible.</doc>
<arguments>
<arg>xpath://li//span[text()="${product_json['cat']}"]</arg>
</arguments>
<status status="PASS" starttime="20200522 17:13:41.043" endtime="20200522 17:13:41.107"></status>
</kw>
<kw name="Sleep" library="BuiltIn">
<doc>Pauses the test executed for the given time.</doc>
<arguments>
<arg>4</arg>
</arguments>
<msg timestamp="20200522 17:13:45.109" level="INFO">Slept 4 seconds</msg>
<status status="PASS" starttime="20200522 17:13:41.108" endtime="20200522 17:13:45.109"></status>
</kw>
<kw name="Click Element" library="SeleniumLibrary">
<doc>Click the element identified by ``locator``.</doc>
<arguments>
<arg>xpath://li//span[text()="${product_json['cat']}"]</arg>
</arguments>
<msg timestamp="20200522 17:13:45.110" level="INFO">Clicking element 'xpath://li//span[text()="Super Nintendo"]'.</msg>
<status status="PASS" starttime="20200522 17:13:45.109" endtime="20200522 17:13:45.209"></status>
</kw>
<kw name="Input Text" library="SeleniumLibrary">
<doc>Types the given ``text`` into the text field identified by ``locator``.</doc>
<arguments>
<arg>css:input[name=price]</arg>
<arg>${product_json['price']}</arg>
</arguments>
<msg timestamp="20200522 17:13:45.210" level="INFO">Typing text '99.99' into text field 'css:input[name=price]'.</msg>
<status status="PASS" starttime="20200522 17:13:45.209" endtime="20200522 17:13:45.384"></status>
</kw>
<kw name="Click Element" library="SeleniumLibrary">
<doc>Click the element identified by ``locator``.</doc>
<arguments>
<arg>id:create-product</arg>
</arguments>
<msg timestamp="20200522 17:13:45.386" level="INFO">Clicking element 'id:create-product'.</msg>
<status status="PASS" starttime="20200522 17:13:45.385" endtime="20200522 17:13:45.469"></status>
</kw>
<status status="PASS" starttime="20200522 17:13:39.369" endtime="20200522 17:13:45.470"></status>
</kw>
<kw name="Então devo ver esse item na lista">
<kw name="Table Should Contain" library="SeleniumLibrary">
<doc>Verifies table contains text ``expected``.</doc>
<arguments>
<arg>class:table</arg>
<arg>${product_json['title']}</arg>
</arguments>
<status status="PASS" starttime="20200522 17:13:45.474" endtime="20200522 17:13:46.782"></status>
</kw>
<kw name="Sleep" library="BuiltIn">
<doc>Pauses the test executed for the given time.</doc>
<arguments>
<arg>2</arg>
</arguments>
<msg timestamp="20200522 17:13:48.785" level="INFO">Slept 2 seconds</msg>
<status status="PASS" starttime="20200522 17:13:46.783" endtime="20200522 17:13:48.785"></status>
</kw>
<status status="PASS" starttime="20200522 17:13:45.473" endtime="20200522 17:13:48.785"></status>
</kw>
<kw name="After Test" library="BasePage" type="teardown">
<kw name="Capture Page Screenshot" library="SeleniumLibrary">
<doc>Takes a screenshot of the current page and embeds it into a log file.</doc>
<msg timestamp="20200522 17:13:49.101" level="INFO" html="yes">&lt;/td&gt;&lt;/tr&gt;&lt;tr&gt;&lt;td colspan="3"&gt;&lt;a href="selenium-screenshot-35.png"&gt;&lt;img src="selenium-screenshot-35.png" width="800px"&gt;&lt;/a&gt;</msg>
<status status="PASS" starttime="20200522 17:13:48.787" endtime="20200522 17:13:49.102"></status>
</kw>
<status status="PASS" starttime="20200522 17:13:48.786" endtime="20200522 17:13:49.102"></status>
</kw>
<status status="PASS" starttime="20200522 17:13:39.329" endtime="20200522 17:13:49.103" critical="yes"></status>
</test>
<kw name="Close Session" library="BasePage" type="teardown">
<kw name="Close Browser" library="SeleniumLibrary">
<doc>Closes the current browser.</doc>
<status status="PASS" starttime="20200522 17:13:49.106" endtime="20200522 17:13:51.374"></status>
</kw>
<status status="PASS" starttime="20200522 17:13:49.105" endtime="20200522 17:13:51.375"></status>
</kw>
<doc>Cadastro de produtos
Sendo um administrador do catálogo
Quero cadastrar novos produtos
Para que eu possa disponibiliza-los na loja virtual</doc>
<status status="PASS" starttime="20200522 17:13:28.015" endtime="20200522 17:13:51.375"></status>
</suite>
<statistics>
<total>
<stat pass="1" fail="0">Critical Tests</stat>
<stat pass="1" fail="0">All Tests</stat>
</total>
<tag>
</tag>
<suite>
<stat pass="1" fail="0" id="s1" name="Cadastro">Cadastro</stat>
</suite>
</statistics>
<errors>
</errors>
</robot>
